Parent process started with pid: 14299 
Child process: my pid is 14300, parent pid is 14299
Parent process started with pid: 14299 
Parent process: Child created, my pid is:14299,	Child's pid is 14300
Child:14300, we were waiting for, is terminated
Child terminated normally with exit status: 0
Parent process started with pid: 14303 
Child process: my pid is 14304, parent pid is 14303
Parent process started with pid: 14303 
Parent process: Child created, my pid is:14303,	Child's pid is 14304
Child:14304, we were waiting for, is terminated
Child terminated abnormally with exit status: 1
Parent process started with pid: 14307 
Child process: my pid is 14308, parent pid is 14307
Parent process started with pid: 14307 
Parent process: Child created, my pid is:14307,	Child's pid is 14308
Child:14308, we were waiting for, is terminated
Child terminated abnormally with exit status: 1
Parent process started with pid: 14311 
Child process: my pid is 14312, parent pid is 14311
Parent process started with pid: 14311 
Parent process: Child created, my pid is:14311,	Child's pid is 14312
Child:14312, we were waiting for, is terminated
Child terminated normally with exit status: 0
Parent process started with pid: 14315 
Child process: my pid is 14316, parent pid is 14315
Parent process started with pid: 14315 
Parent process: Child created, my pid is:14315,	Child's pid is 14316
Child:14316, we were waiting for, is terminated
Child terminated normally with exit status: 0
Succeeded 3 times and Failed 2 times
